0 info it worked if it ends with ok
1 verbose cli [ 'C:\\Program Files\\nodejs\\\\node.exe',
1 verbose cli   'C:\\Program Files\\nodejs\\node_modules\\npm\\bin\\npm-cli.js',
1 verbose cli   'install',
1 verbose cli   'uglify-js' ]
2 info using npm@1.3.14
3 info using node@v0.10.22
4 verbose node symlink C:\Program Files\nodejs\\node.exe
5 warn package.json urban@0.0.0 No repository field.
6 verbose readDependencies using package.json deps
7 verbose cache add [ 'uglify-js', null ]
8 verbose cache add name=undefined spec="uglify-js" args=["uglify-js",null]
9 verbose parsed url { protocol: null,
9 verbose parsed url   slashes: null,
9 verbose parsed url   auth: null,
9 verbose parsed url   host: null,
9 verbose parsed url   port: null,
9 verbose parsed url   hostname: null,
9 verbose parsed url   hash: null,
9 verbose parsed url   search: null,
9 verbose parsed url   query: null,
9 verbose parsed url   pathname: 'uglify-js',
9 verbose parsed url   path: 'uglify-js',
9 verbose parsed url   href: 'uglify-js' }
10 silly lockFile d31cae06-uglify-js uglify-js
11 verbose lock uglify-js C:\Users\Zita\AppData\Roaming\npm-cache\d31cae06-uglify-js.lock
12 silly lockFile d31cae06-uglify-js uglify-js
13 silly lockFile d31cae06-uglify-js uglify-js
14 verbose addNamed [ 'uglify-js', '' ]
15 verbose addNamed [ null, '*' ]
16 silly lockFile 679a1028-uglify-js uglify-js@
17 verbose lock uglify-js@ C:\Users\Zita\AppData\Roaming\npm-cache\679a1028-uglify-js.lock
18 silly addNameRange { name: 'uglify-js', range: '*', hasData: false }
19 verbose url raw uglify-js
20 verbose url resolving [ 'https://registry.npmjs.org/', './uglify-js' ]
21 verbose url resolved https://registry.npmjs.org/uglify-js
22 info trying registry request attempt 1 at 18:47:09
23 verbose etag "B3NQYE0KVKD1OQGGWBJYRKA06"
24 http GET https://registry.npmjs.org/uglify-js
25 http 304 https://registry.npmjs.org/uglify-js
26 silly registry.get cb [ 304,
26 silly registry.get   { server: 'CouchDB/1.3.1 (Erlang OTP/R15B03)',
26 silly registry.get     etag: '"B3NQYE0KVKD1OQGGWBJYRKA06"',
26 silly registry.get     date: 'Thu, 28 Nov 2013 16:47:11 GMT',
26 silly registry.get     'content-length': '0' } ]
27 verbose etag uglify-js from cache
28 silly addNameRange number 2 { name: 'uglify-js', range: '*', hasData: true }
29 silly addNameRange versions [ 'uglify-js',
29 silly addNameRange   [ '0.0.1',
29 silly addNameRange     '0.0.2',
29 silly addNameRange     '0.0.3',
29 silly addNameRange     '0.0.4',
29 silly addNameRange     '0.0.5',
29 silly addNameRange     '1.0.1',
29 silly addNameRange     '1.0.2',
29 silly addNameRange     '1.0.3',
29 silly addNameRange     '1.0.4',
29 silly addNameRange     '1.0.5',
29 silly addNameRange     '1.0.6',
29 silly addNameRange     '1.0.7',
29 silly addNameRange     '1.1.0',
29 silly addNameRange     '1.1.1',
29 silly addNameRange     '1.2.0',
29 silly addNameRange     '1.2.1',
29 silly addNameRange     '1.2.2',
29 silly addNameRange     '1.2.3',
29 silly addNameRange     '1.2.4',
29 silly addNameRange     '1.2.5',
29 silly addNameRange     '1.2.6',
29 silly addNameRange     '1.3.0',
29 silly addNameRange     '1.3.1',
29 silly addNameRange     '1.3.2',
29 silly addNameRange     '1.3.3',
29 silly addNameRange     '1.3.4',
29 silly addNameRange     '2.2.0',
29 silly addNameRange     '2.2.1',
29 silly addNameRange     '2.2.2',
29 silly addNameRange     '2.2.3',
29 silly addNameRange     '2.2.4',
29 silly addNameRange     '2.2.5',
29 silly addNameRange     '2.3.0',
29 silly addNameRange     '2.3.1',
29 silly addNameRange     '2.3.2',
29 silly addNameRange     '2.3.3',
29 silly addNameRange     '2.3.4',
29 silly addNameRange     '2.3.5',
29 silly addNameRange     '2.3.6',
29 silly addNameRange     '1.3.5',
29 silly addNameRange     '2.4.0',
29 silly addNameRange     '2.4.1',
29 silly addNameRange     '2.4.2',
29 silly addNameRange     '2.4.3',
29 silly addNameRange     '2.4.4',
29 silly addNameRange     '2.4.5' ] ]
30 verbose addNamed [ 'uglify-js', '2.4.5' ]
31 verbose addNamed [ '2.4.5', '2.4.5' ]
32 silly lockFile 1e308e32-uglify-js-2-4-5 uglify-js@2.4.5
33 verbose lock uglify-js@2.4.5 C:\Users\Zita\AppData\Roaming\npm-cache\1e308e32-uglify-js-2-4-5.lock
34 silly lockFile 662f234a-rg-uglify-js-uglify-js-2-4-5-tgz https://registry.npmjs.org/uglify-js/-/uglify-js-2.4.5.tgz
35 verbose lock https://registry.npmjs.org/uglify-js/-/uglify-js-2.4.5.tgz C:\Users\Zita\AppData\Roaming\npm-cache\662f234a-rg-uglify-js-uglify-js-2-4-5-tgz.lock
36 verbose addRemoteTarball [ 'https://registry.npmjs.org/uglify-js/-/uglify-js-2.4.5.tgz',
36 verbose addRemoteTarball   '3bc46a71c14287cd94b6f111aec252fe50315c3a' ]
37 info retry fetch attempt 1 at 18:47:11
38 verbose fetch to= C:\Users\Zita\AppData\Local\Temp\npm-1472-xug1xlZW\1385657231127-0.7603674519341439\tmp.tgz
39 http GET https://registry.npmjs.org/uglify-js/-/uglify-js-2.4.5.tgz
40 http 404 https://registry.npmjs.org/uglify-js/-/uglify-js-2.4.5.tgz
41 error fetch failed https://registry.npmjs.org/uglify-js/-/uglify-js-2.4.5.tgz
42 silly lockFile 662f234a-rg-uglify-js-uglify-js-2-4-5-tgz https://registry.npmjs.org/uglify-js/-/uglify-js-2.4.5.tgz
43 silly lockFile 662f234a-rg-uglify-js-uglify-js-2-4-5-tgz https://registry.npmjs.org/uglify-js/-/uglify-js-2.4.5.tgz
44 silly lockFile 1e308e32-uglify-js-2-4-5 uglify-js@2.4.5
45 silly lockFile 1e308e32-uglify-js-2-4-5 uglify-js@2.4.5
46 silly lockFile 679a1028-uglify-js uglify-js@
47 silly lockFile 679a1028-uglify-js uglify-js@
48 error Error: 404 Not Found
48 error     at WriteStream.<anonymous> (C:\Program Files\nodejs\node_modules\npm\lib\utils\fetch.js:57:12)
48 error     at WriteStream.EventEmitter.emit (events.js:117:20)
48 error     at fs.js:1596:14
48 error     at C:\Program Files\nodejs\node_modules\npm\node_modules\graceful-fs\graceful-fs.js:103:5
48 error     at Object.oncomplete (fs.js:107:15)
49 error If you need help, you may report this log at:
49 error     <http://github.com/isaacs/npm/issues>
49 error or email it to:
49 error     <npm-@googlegroups.com>
50 error System Windows_NT 6.1.7601
51 error command "C:\\Program Files\\nodejs\\\\node.exe" "C:\\Program Files\\nodejs\\node_modules\\npm\\bin\\npm-cli.js" "install" "uglify-js"
52 error cwd C:\Users\Zita\urbantransitioners
53 error node -v v0.10.22
54 error npm -v 1.3.14
55 verbose exit [ 1, true ]
